{
  "RSpec": {
    "coverage": {
      "/root/fitnessTrackerFinalProject/app/controllers/workouts_controller.rb": {
        "lines": [
          1,
          1,
          1,
          null,
          1,
          3,
          null,
          null,
          1,
          null,
          null,
          1,
          1,
          null,
          null,
          1,
          null,
          null,
          1,
          3,
          3,
          3,
          6,
          3,
          null,
          0,
          0,
          null,
          null,
          null,
          null,
          1,
          3,
          3,
          6,
          3,
          null,
          0,
          0,
          null,
          null,
          null,
          null,
          1,
          0,
          null,
          0,
          0,
          0,
          null,
          null,
          1,
          null,
          1,
          5,
          null,
          null,
          1,
          6,
          null,
          null
        ]
      },
      "/root/fitnessTrackerFinalProject/app/controllers/application_controller.rb": {
        "lines": [
          1,
          null
        ]
      },
      "/root/fitnessTrackerFinalProject/app/models/workout.rb": {
        "lines": [
          1,
          null
        ]
      },
      "/root/fitnessTrackerFinalProject/app/channels/application_cable/channel.rb": {
        "lines": [
          0,
          0,
          0,
          0
        ],
        "branches": {
        }
      },
      "/root/fitnessTrackerFinalProject/app/channels/application_cable/connection.rb": {
        "lines": [
          0,
          0,
          0,
          0
        ],
        "branches": {
        }
      },
      "/root/fitnessTrackerFinalProject/app/helpers/application_helper.rb": {
        "lines": [
          0,
          0
        ],
        "branches": {
        }
      },
      "/root/fitnessTrackerFinalProject/app/helpers/workouts_helper.rb": {
        "lines": [
          0,
          0
        ],
        "branches": {
        }
      },
      "/root/fitnessTrackerFinalProject/app/jobs/application_job.rb": {
        "lines": [
          0,
          0
        ],
        "branches": {
        }
      },
      "/root/fitnessTrackerFinalProject/app/mailers/application_mailer.rb": {
        "lines": [
          0,
          0,
          0,
          0
        ],
        "branches": {
        }
      },
      "/root/fitnessTrackerFinalProject/app/models/application_record.rb": {
        "lines": [
          0,
          0,
          0
        ],
        "branches": {
        }
      },
      "/root/fitnessTrackerFinalProject/app/models/user.rb": {
        "lines": [
          0,
          0,
          0
        ],
        "branches": {
        }
      }
    },
    "timestamp": 1682456783
  }
}
